
CPPTRAJ: Trajectory Analysis. V6.18.1 (AmberTools) OpenMP
    ___  ___  ___  ___
     | \/ | \/ | \/ | 
    _|_/\_|_/\_|_/\_|_

| 64 OpenMP threads available.
| Date/time: 05/17/25 15:14:53
| Available memory: 297.358 GB

	Reading './A281Y_solvated.prmtop' as Amber Topology
	Radius Set: modified Bondi radii (mbondi)
INPUT: Reading input from 'traj_md1.in'
  [trajin ../md_1.nc]
	Reading '../md_1.nc' as Amber NetCDF
  [reference ../equil.rst]
	Reading '../equil.rst' as Amber NC Restart
	Setting active reference for distance-based masks: 'equil.rst'
  [strip :WAT,Cl-,Na+]
    STRIP: Stripping atoms in mask [:WAT,Cl-,Na+]
  [distance dist_atom_1526_4635 @1526 @4635 out distance_atom_O_C_md1.dat]
    DISTANCE: @1526 to @4635, center of mass.
  [run]
---------- RUN BEGIN -------------------------------------------------

PARAMETER FILES (1 total):
 0: A281Y_solvated.prmtop, 51677 atoms, 12074 res, box: Orthorhombic, 11759 mol, 11757 solvent

INPUT TRAJECTORIES (1 total):
 0: 'md_1.nc' is a NetCDF (NetCDF3) AMBER trajectory with coordinates, time, box, Parm A281Y_solvated.prmtop (Orthorhombic box) (reading 25000 of 25000)
  Coordinate processing will occur on 25000 frames.

REFERENCE FRAMES (1 total):
    0: equil.rst:1
	Active reference frame for distance-based masks is 'default_name'

BEGIN TRAJECTORY PROCESSING:
.....................................................
ACTION SETUP FOR PARM 'A281Y_solvated.prmtop' (2 actions):
  0: [strip :WAT,Cl-,Na+]
	Stripping 47028 atoms.
	Stripped topology: 4649 atoms, 317 res, box: Orthorhombic, 2 mol
  1: [distance dist_atom_1526_4635 @1526 @4635 out distance_atom_O_C_md1.dat]
	@1526 (1 atoms) to @4635 (1 atoms), imaged.
----- md_1.nc (1-25000, 1) -----
 0% 10% 20% 30% 40% 50% 60% 70% 80% 90% 100% Complete.

Read 25000 frames and processed 25000 frames.
TIME: Avg. throughput= 859.4685 frames / second.

ACTION OUTPUT:
TIME: Analyses took 0.0000 seconds.

DATASETS (1 total):
	dist_atom_1526_4635 "dist_atom_1526_4635" (double, distance), size is 25000 (200.000 kB)
    Total data set memory usage is at least 200.000 kB

DATAFILES (1 total):
  distance_atom_O_C_md1.dat (Standard Data File):  dist_atom_1526_4635

RUN TIMING:
TIME:		Init               : 0.0001 s (  0.00%)
TIME:		Trajectory Process : 29.0877 s ( 99.89%)
TIME:		Action Post        : 0.0000 s (  0.00%)
TIME:		Analysis           : 0.0000 s (  0.00%)
TIME:		Data File Write    : 0.0330 s (  0.11%)
TIME:		Other              : 0.0002 s (  0.00%)
TIME:	Run Total 29.1210 s
---------- RUN END ---------------------------------------------------
  [quit]
TIME: Total execution time: 29.4020 seconds.
--------------------------------------------------------------------------------
To cite CPPTRAJ use:
Daniel R. Roe and Thomas E. Cheatham, III, "PTRAJ and CPPTRAJ: Software for
  Processing and Analysis of Molecular Dynamics Trajectory Data". J. Chem.
  Theory Comput., 2013, 9 (7), pp 3084-3095.

