
CPPTRAJ: Trajectory Analysis. V6.18.1 (AmberTools) OpenMP
    ___  ___  ___  ___
     | \/ | \/ | \/ | 
    _|_/\_|_/\_|_/\_|_

| 64 OpenMP threads available.
| Date/time: 05/17/25 15:47:53
| Available memory: 248.443 GB

	Reading './QWeleven_W104V_S105C_A282Y_V149G_solvated.prmtop' as Amber Topology
	Radius Set: modified Bondi radii (mbondi)
INPUT: Reading input from 'traj_md1.in'
  [trajin ../md_1.nc]
	Reading '../md_1.nc' as Amber NetCDF
  [reference ../equil.rst]
	Reading '../equil.rst' as Amber NC Restart
	Setting active reference for distance-based masks: 'equil.rst'
  [strip :WAT,Cl-,Na+]
    STRIP: Stripping atoms in mask [:WAT,Cl-,Na+]
  [distance dist_atom_1518_4614 @1518 @4614 out distance_atom_O_C_md1.dat]
    DISTANCE: @1518 to @4614, center of mass.
  [run]
---------- RUN BEGIN -------------------------------------------------

PARAMETER FILES (1 total):
 0: QWeleven_W104V_S105C_A282Y_V149G_solvated.prmtop, 51640 atoms, 12069 res, box: Orthorhombic, 11754 mol, 11752 solvent

INPUT TRAJECTORIES (1 total):
 0: 'md_1.nc' is a NetCDF (NetCDF3) AMBER trajectory with coordinates, time, box, Parm QWeleven_W104V_S105C_A282Y_V149G_solvated.prmtop (Orthorhombic box) (reading 50000 of 50000)
  Coordinate processing will occur on 50000 frames.

REFERENCE FRAMES (1 total):
    0: equil.rst:1
	Active reference frame for distance-based masks is 'default_name'

BEGIN TRAJECTORY PROCESSING:
.....................................................
ACTION SETUP FOR PARM 'QWeleven_W104V_S105C_A282Y_V149G_solvated.prmtop' (2 actions):
  0: [strip :WAT,Cl-,Na+]
	Stripping 47008 atoms.
	Stripped topology: 4632 atoms, 317 res, box: Orthorhombic, 2 mol
  1: [distance dist_atom_1518_4614 @1518 @4614 out distance_atom_O_C_md1.dat]
	@1518 (1 atoms) to @4614 (1 atoms), imaged.
----- md_1.nc (1-50000, 1) -----
 0% 10% 20% 30% 40% 50% 60% 70% 80% 90% 100% Complete.

Read 50000 frames and processed 50000 frames.
TIME: Avg. throughput= 930.6681 frames / second.

ACTION OUTPUT:
TIME: Analyses took 0.0000 seconds.

DATASETS (1 total):
	dist_atom_1518_4614 "dist_atom_1518_4614" (double, distance), size is 50000 (400.000 kB)
    Total data set memory usage is at least 400.000 kB

DATAFILES (1 total):
  distance_atom_O_C_md1.dat (Standard Data File):  dist_atom_1518_4614

RUN TIMING:
TIME:		Init               : 0.0000 s (  0.00%)
TIME:		Trajectory Process : 53.7248 s ( 99.93%)
TIME:		Action Post        : 0.0000 s (  0.00%)
TIME:		Analysis           : 0.0000 s (  0.00%)
TIME:		Data File Write    : 0.0365 s (  0.07%)
TIME:		Other              : 0.0008 s (  0.00%)
TIME:	Run Total 53.7621 s
---------- RUN END ---------------------------------------------------
  [quit]
TIME: Total execution time: 54.0859 seconds.
--------------------------------------------------------------------------------
To cite CPPTRAJ use:
Daniel R. Roe and Thomas E. Cheatham, III, "PTRAJ and CPPTRAJ: Software for
  Processing and Analysis of Molecular Dynamics Trajectory Data". J. Chem.
  Theory Comput., 2013, 9 (7), pp 3084-3095.

