
CPPTRAJ: Trajectory Analysis. V6.18.1 (AmberTools) OpenMP
    ___  ___  ___  ___
     | \/ | \/ | \/ | 
    _|_/\_|_/\_|_/\_|_

| 64 OpenMP threads available.
| Date/time: 05/16/25 01:34:24
| Available memory: 333.065 GB

	Reading './QWeleven_W104V_S105C_A282Y_V149G_solvated.prmtop' as Amber Topology
	Radius Set: modified Bondi radii (mbondi)
INPUT: Reading input from 'traj_md4.in'
  [trajin ../md_4.nc]
	Reading '../md_4.nc' as Amber NetCDF
  [reference ../equil.rst]
	Reading '../equil.rst' as Amber NC Restart
	Setting active reference for distance-based masks: 'equil.rst'
  [strip :WAT,Cl-,Na+]
    STRIP: Stripping atoms in mask [:WAT,Cl-,Na+]
  [rms reference mass out WTbackbone_rmsd_md_4.dat @CA,C,N]
    RMSD: (@CA,C,N), reference is "default_name" (@CA,C,N), mass-weighted.
	Best-fit RMSD will be calculated, coords will be rotated and translated.
  [atomicfluct out backbone_rmsf_mdQWT_4.txt @CA,C,N byres]
    ATOMICFLUCT: calculating atomic positional fluctuations over residues.
	Output to file backbone_rmsf_mdQWT_4.txt
	Atom mask: [@CA,C,N]
	Start: 1  Stop: Final frame
  [distance dist_atom_1528_4624 @1528 @4624 out distance_atom_1528_4624md_4.dat]
    DISTANCE: @1528 to @4624, center of mass.
  [run]
---------- RUN BEGIN -------------------------------------------------

PARAMETER FILES (1 total):
 0: QWeleven_W104V_S105C_A282Y_V149G_solvated.prmtop, 51640 atoms, 12069 res, box: Orthorhombic, 11754 mol, 11752 solvent

INPUT TRAJECTORIES (1 total):
 0: 'md_4.nc' is a NetCDF (NetCDF3) AMBER trajectory with coordinates, time, box, Parm QWeleven_W104V_S105C_A282Y_V149G_solvated.prmtop (Orthorhombic box) (reading 50000 of 50000)
  Coordinate processing will occur on 50000 frames.

REFERENCE FRAMES (1 total):
    0: equil.rst:1
	Active reference frame for distance-based masks is 'default_name'

BEGIN TRAJECTORY PROCESSING:
.....................................................
ACTION SETUP FOR PARM 'QWeleven_W104V_S105C_A282Y_V149G_solvated.prmtop' (4 actions):
  0: [strip :WAT,Cl-,Na+]
	Stripping 47008 atoms.
	Stripped topology: 4632 atoms, 317 res, box: Orthorhombic, 2 mol
  1: [rms reference mass out WTbackbone_rmsd_md_4.dat @CA,C,N]
	Target mask: [@CA,C,N](950)
	Reference topology: QWeleven_W104V_S105C_A282Y_V149G_solvated.prmtop
	Reference mask: [@CA,C,N](950)
  2: [atomicfluct out backbone_rmsf_mdQWT_4.txt @CA,C,N byres]
	Mask [@CA,C,N] corresponds to 950 atoms.
  3: [distance dist_atom_1528_4624 @1528 @4624 out distance_atom_1528_4624md_4.dat]
	@1528 (1 atoms) to @4624 (1 atoms), imaged.
----- md_4.nc (1-50000, 1) -----
 0% 10% 20% 30% 40% 50% 60% 70% 80% 90% 100% Complete.

Read 50000 frames and processed 50000 frames.
TIME: Avg. throughput= 973.5882 frames / second.

ACTION OUTPUT:
    ATOMICFLUCT: Calculating fluctuations for 50000 sets.
TIME: Analyses took 0.0000 seconds.

DATASETS (3 total):
	RMSD_00002 "RMSD_00002" (double, rms), size is 50000 (400.000 kB)
	Fluct_00003 "AtomicFlx" (X-Y mesh), size is 317 (5.072 kB)
	dist_atom_1528_4624 "dist_atom_1528_4624" (double, distance), size is 50000 (400.000 kB)
    Total data set memory usage is at least 805.072 kB

DATAFILES (3 total):
  WTbackbone_rmsd_md_4.dat (Standard Data File):  RMSD_00002
  backbone_rmsf_mdQWT_4.txt (Standard Data File):  AtomicFlx
  distance_atom_1528_4624md_4.dat (Standard Data File):  dist_atom_1528_4624

RUN TIMING:
TIME:		Init               : 0.0000 s (  0.00%)
TIME:		Trajectory Process : 51.3564 s ( 99.87%)
TIME:		Action Post        : 0.0005 s (  0.00%)
TIME:		Analysis           : 0.0000 s (  0.00%)
TIME:		Data File Write    : 0.0646 s (  0.13%)
TIME:		Other              : 0.0007 s (  0.00%)
TIME:	Run Total 51.4222 s
---------- RUN END ---------------------------------------------------
  [quit]
TIME: Total execution time: 51.5617 seconds.
--------------------------------------------------------------------------------
To cite CPPTRAJ use:
Daniel R. Roe and Thomas E. Cheatham, III, "PTRAJ and CPPTRAJ: Software for
  Processing and Analysis of Molecular Dynamics Trajectory Data". J. Chem.
  Theory Comput., 2013, 9 (7), pp 3084-3095.

