
CPPTRAJ: Trajectory Analysis. V6.18.1 (AmberTools) OpenMP
    ___  ___  ___  ___
     | \/ | \/ | \/ | 
    _|_/\_|_/\_|_/\_|_

| 64 OpenMP threads available.
| Date/time: 05/17/25 13:36:51
| Available memory: 502.003 GB

	Reading './WT_solvated.prmtop' as Amber Topology
	Radius Set: modified Bondi radii (mbondi)
INPUT: Reading input from 'traj_md3.in'
  [trajin ../md_3.nc]
	Reading '../md_3.nc' as Amber NetCDF
  [reference ../equil.rst]
	Reading '../equil.rst' as Amber NC Restart
	Setting active reference for distance-based masks: 'equil.rst'
  [strip :WAT,Cl-,Na+]
    STRIP: Stripping atoms in mask [:WAT,Cl-,Na+]
  [distance dist_atom_1526_4625 @1526 @4625 out distance_atom_1526_4625_md3.dat]
    DISTANCE: @1526 to @4625, center of mass.
  [run]
---------- RUN BEGIN -------------------------------------------------

PARAMETER FILES (1 total):
 0: WT_solvated.prmtop, 51668 atoms, 12075 res, box: Orthorhombic, 11760 mol, 11757 solvent

INPUT TRAJECTORIES (1 total):
 0: 'md_3.nc' is a NetCDF (NetCDF3) AMBER trajectory with coordinates, time, box, Parm WT_solvated.prmtop (Orthorhombic box) (reading 25000 of 25000)
  Coordinate processing will occur on 25000 frames.

REFERENCE FRAMES (1 total):
    0: equil.rst:1
	Active reference frame for distance-based masks is 'default_name'

BEGIN TRAJECTORY PROCESSING:
.....................................................
ACTION SETUP FOR PARM 'WT_solvated.prmtop' (2 actions):
  0: [strip :WAT,Cl-,Na+]
	Stripping 47029 atoms.
	Stripped topology: 4639 atoms, 317 res, box: Orthorhombic, 2 mol
  1: [distance dist_atom_1526_4625 @1526 @4625 out distance_atom_1526_4625_md3.dat]
	@1526 (1 atoms) to @4625 (1 atoms), imaged.
----- md_3.nc (1-25000, 1) -----
 0% 10% 20% 30% 40% 50% 60% 70% 80% 90% 100% Complete.

Read 25000 frames and processed 25000 frames.
TIME: Avg. throughput= 850.8086 frames / second.

ACTION OUTPUT:
TIME: Analyses took 0.0000 seconds.

DATASETS (1 total):
	dist_atom_1526_4625 "dist_atom_1526_4625" (double, distance), size is 25000 (200.000 kB)
    Total data set memory usage is at least 200.000 kB

DATAFILES (1 total):
  distance_atom_1526_4625_md3.dat (Standard Data File):  dist_atom_1526_4625

RUN TIMING:
TIME:		Init               : 0.0000 s (  0.00%)
TIME:		Trajectory Process : 29.3838 s ( 99.94%)
TIME:		Action Post        : 0.0000 s (  0.00%)
TIME:		Analysis           : 0.0000 s (  0.00%)
TIME:		Data File Write    : 0.0166 s (  0.06%)
TIME:		Other              : 0.0002 s (  0.00%)
TIME:	Run Total 29.4006 s
---------- RUN END ---------------------------------------------------
  [quit]
TIME: Total execution time: 29.6693 seconds.
--------------------------------------------------------------------------------
To cite CPPTRAJ use:
Daniel R. Roe and Thomas E. Cheatham, III, "PTRAJ and CPPTRAJ: Software for
  Processing and Analysis of Molecular Dynamics Trajectory Data". J. Chem.
  Theory Comput., 2013, 9 (7), pp 3084-3095.

